04-Oct-2019 15:56:37.128 信息 [main] org.apache.catalina.startup.VersionLoggerListener.log Server version:        Apache Tomcat/8.5.42
04-Oct-2019 15:56:37.145 信息 [main] org.apache.catalina.startup.VersionLoggerListener.log Server built:          Jun 4 2019 20:29:04 UTC
04-Oct-2019 15:56:37.148 信息 [main] org.apache.catalina.startup.VersionLoggerListener.log Server number:         8.5.42.0
04-Oct-2019 15:56:37.149 信息 [main] org.apache.catalina.startup.VersionLoggerListener.log OS Name:               Windows 10
04-Oct-2019 15:56:37.149 信息 [main] org.apache.catalina.startup.VersionLoggerListener.log OS Version:            10.0
04-Oct-2019 15:56:37.150 信息 [main] org.apache.catalina.startup.VersionLoggerListener.log Architecture:          amd64
04-Oct-2019 15:56:37.150 信息 [main] org.apache.catalina.startup.VersionLoggerListener.log Java Home:             D:\jdk-12.0.2
04-Oct-2019 15:56:37.151 信息 [main] org.apache.catalina.startup.VersionLoggerListener.log JVM Version:           12.0.2+10
04-Oct-2019 15:56:37.151 信息 [main] org.apache.catalina.startup.VersionLoggerListener.log JVM Vendor:            Oracle Corporation
04-Oct-2019 15:56:37.151 信息 [main] org.apache.catalina.startup.VersionLoggerListener.log CATALINA_BASE:         D:\apache-tomcat-8.5.42
04-Oct-2019 15:56:37.152 信息 [main] org.apache.catalina.startup.VersionLoggerListener.log CATALINA_HOME:         D:\apache-tomcat-8.5.42
04-Oct-2019 15:56:37.152 信息 [main] org.apache.catalina.startup.VersionLoggerListener.log Command line argument: --add-opens=java.base/java.lang=ALL-UNNAMED
04-Oct-2019 15:56:37.153 信息 [main] org.apache.catalina.startup.VersionLoggerListener.log Command line argument: --add-opens=java.base/java.io=ALL-UNNAMED
04-Oct-2019 15:56:37.153 信息 [main] org.apache.catalina.startup.VersionLoggerListener.log Command line argument: --add-opens=java.rmi/sun.rmi.transport=ALL-UNNAMED
04-Oct-2019 15:56:37.154 信息 [main] org.apache.catalina.startup.VersionLoggerListener.log Command line argument: -Djava.util.logging.config.file=D:\apache-tomcat-8.5.42\conf\logging.properties
04-Oct-2019 15:56:37.155 信息 [main] org.apache.catalina.startup.VersionLoggerListener.log Command line argument: -Djava.util.logging.manager=org.apache.juli.ClassLoaderLogManager
04-Oct-2019 15:56:37.155 信息 [main] org.apache.catalina.startup.VersionLoggerListener.log Command line argument: -Djdk.tls.ephemeralDHKeySize=2048
04-Oct-2019 15:56:37.157 信息 [main] org.apache.catalina.startup.VersionLoggerListener.log Command line argument: -Djava.protocol.handler.pkgs=org.apache.catalina.webresources
04-Oct-2019 15:56:37.165 信息 [main] org.apache.catalina.startup.VersionLoggerListener.log Command line argument: -Dignore.endorsed.dirs=
04-Oct-2019 15:56:37.166 信息 [main] org.apache.catalina.startup.VersionLoggerListener.log Command line argument: -Dcatalina.base=D:\apache-tomcat-8.5.42
04-Oct-2019 15:56:37.166 信息 [main] org.apache.catalina.startup.VersionLoggerListener.log Command line argument: -Dcatalina.home=D:\apache-tomcat-8.5.42
04-Oct-2019 15:56:37.167 信息 [main] org.apache.catalina.startup.VersionLoggerListener.log Command line argument: -Djava.io.tmpdir=D:\apache-tomcat-8.5.42\temp
04-Oct-2019 15:56:37.168 信息 [main] org.apache.catalina.core.AprLifecycleListener.lifecycleEvent Loaded APR based Apache Tomcat Native library [1.2.21] using APR version [1.6.5].
04-Oct-2019 15:56:37.168 信息 [main] org.apache.catalina.core.AprLifecycleListener.lifecycleEvent APR capabilities: IPv6 [true], sendfile [true], accept filters [false], random [true].
04-Oct-2019 15:56:37.169 信息 [main] org.apache.catalina.core.AprLifecycleListener.lifecycleEvent APR/OpenSSL configuration: useAprConnector [false], useOpenSSL [true]
04-Oct-2019 15:56:37.232 信息 [main] org.apache.catalina.core.AprLifecycleListener.initializeSSL OpenSSL successfully initialized [OpenSSL 1.1.1a  20 Nov 2018]
04-Oct-2019 15:56:37.306 信息 [main] org.apache.coyote.AbstractProtocol.init Initializing ProtocolHandler ["http-nio-8080"]
04-Oct-2019 15:56:37.916 信息 [main] org.apache.tomcat.util.net.NioSelectorPool.getSharedSelector Using a shared selector for servlet write/read
04-Oct-2019 15:56:37.945 信息 [main] org.apache.coyote.AbstractProtocol.init Initializing ProtocolHandler ["ajp-nio-8009"]
04-Oct-2019 15:56:37.949 信息 [main] org.apache.tomcat.util.net.NioSelectorPool.getSharedSelector Using a shared selector for servlet write/read
04-Oct-2019 15:56:37.951 信息 [main] org.apache.catalina.startup.Catalina.load Initialization processed in 1904 ms
04-Oct-2019 15:56:38.037 信息 [main] org.apache.catalina.core.StandardService.startInternal Starting service [Catalina]
04-Oct-2019 15:56:38.037 信息 [main] org.apache.catalina.core.StandardEngine.startInternal Starting Servlet Engine: Apache Tomcat/8.5.42
04-Oct-2019 15:56:38.057 信息 [localhost-startStop-1] org.apache.catalina.startup.HostConfig.deployDirectory Deploying web application directory [D:\apache-tomcat-8.5.42\webapps\docs]
04-Oct-2019 15:56:38.872 警告 [localhost-startStop-1] org.apache.catalina.util.SessionIdGeneratorBase.createSecureRandom Creation of SecureRandom instance for session ID generation using [SHA1PRNG] took [524] milliseconds.
04-Oct-2019 15:56:38.899 信息 [localhost-startStop-1] org.apache.catalina.startup.HostConfig.deployDirectory Deployment of web application directory [D:\apache-tomcat-8.5.42\webapps\docs] has finished in [842] ms
04-Oct-2019 15:56:38.900 信息 [localhost-startStop-1] org.apache.catalina.startup.HostConfig.deployDirectory Deploying web application directory [D:\apache-tomcat-8.5.42\webapps\examples]
04-Oct-2019 15:56:39.723 信息 [localhost-startStop-1] org.apache.catalina.startup.HostConfig.deployDirectory Deployment of web application directory [D:\apache-tomcat-8.5.42\webapps\examples] has finished in [822] ms
04-Oct-2019 15:56:39.723 信息 [localhost-startStop-1] org.apache.catalina.startup.HostConfig.deployDirectory Deploying web application directory [D:\apache-tomcat-8.5.42\webapps\host-manager]
04-Oct-2019 15:56:39.766 信息 [localhost-startStop-1] org.apache.catalina.startup.HostConfig.deployDirectory Deployment of web application directory [D:\apache-tomcat-8.5.42\webapps\host-manager] has finished in [43] ms
04-Oct-2019 15:56:39.766 信息 [localhost-startStop-1] org.apache.catalina.startup.HostConfig.deployDirectory Deploying web application directory [D:\apache-tomcat-8.5.42\webapps\manager]
04-Oct-2019 15:56:39.824 信息 [localhost-startStop-1] org.apache.catalina.startup.HostConfig.deployDirectory Deployment of web application directory [D:\apache-tomcat-8.5.42\webapps\manager] has finished in [58] ms
04-Oct-2019 15:56:39.825 信息 [localhost-startStop-1] org.apache.catalina.startup.HostConfig.deployDirectory Deploying web application directory [D:\apache-tomcat-8.5.42\webapps\ROOT]
04-Oct-2019 15:56:39.874 信息 [localhost-startStop-1] org.apache.catalina.startup.HostConfig.deployDirectory Deployment of web application directory [D:\apache-tomcat-8.5.42\webapps\ROOT] has finished in [48] ms
04-Oct-2019 15:56:39.881 信息 [main] org.apache.coyote.AbstractProtocol.start Starting ProtocolHandler ["http-nio-8080"]
04-Oct-2019 15:56:39.894 信息 [main] org.apache.coyote.AbstractProtocol.start Starting ProtocolHandler ["ajp-nio-8009"]
04-Oct-2019 15:56:39.899 信息 [main] org.apache.catalina.startup.Catalina.start Server startup in 1947 ms
04-Oct-2019 15:56:46.910 信息 [http-nio-8080-exec-1] org.apache.tomcat.util.http.parser.Cookie.logInvalidHeader A cookie header was received [1569996607] that contained an invalid cookie. That cookie will be ignored.Note: further occurrences of this error will be logged at DEBUG level.
04-Oct-2019 16:16:57.212 信息 [Thread-4] org.apache.coyote.AbstractProtocol.pause Pausing ProtocolHandler ["http-nio-8080"]
04-Oct-2019 16:16:57.828 信息 [Thread-4] org.apache.coyote.AbstractProtocol.pause Pausing ProtocolHandler ["ajp-nio-8009"]
04-Oct-2019 16:16:58.337 信息 [Thread-4] org.apache.catalina.core.StandardService.stopInternal Stopping service [Catalina]
04-Oct-2019 16:16:58.465 信息 [Thread-4] org.apache.coyote.AbstractProtocol.stop Stopping ProtocolHandler ["http-nio-8080"]
04-Oct-2019 16:16:58.468 信息 [Thread-4] org.apache.coyote.AbstractProtocol.stop Stopping ProtocolHandler ["ajp-nio-8009"]
04-Oct-2019 16:16:58.471 信息 [Thread-4] org.apache.coyote.AbstractProtocol.destroy Destroying ProtocolHandler ["http-nio-8080"]
04-Oct-2019 16:16:58.473 信息 [Thread-4] org.apache.coyote.AbstractProtocol.destroy Destroying ProtocolHandler ["ajp-nio-8009"]
